TN:
SF:lib/index.js
FN:5,babelPluginStyledComponentsReactNativeWeb
FN:15,(anonymous_1)
FN:18,(anonymous_2)
FN:38,(anonymous_3)
FNF:4
FNH:4
FNDA:1,babelPluginStyledComponentsReactNativeWeb
FNDA:1,(anonymous_1)
FNDA:1,(anonymous_2)
FNDA:1,(anonymous_3)
DA:5,1
DA:9,1
DA:11,1
DA:16,1
DA:19,1
DA:22,1
DA:24,1
DA:25,1
DA:34,1
DA:39,1
DA:41,1
DA:43,1
DA:44,1
DA:47,1
DA:48,1
DA:49,1
DA:50,1
DA:51,0
DA:54,1
DA:55,1
DA:57,1
LF:21
LH:20
BRDA:22,0,0,0
BRDA:22,0,1,1
BRDA:24,1,0,1
BRDA:24,1,1,0
BRDA:41,2,0,0
BRDA:41,2,1,1
BRDA:44,3,0,0
BRDA:44,3,1,1
BRDA:48,4,0,0
BRDA:48,4,1,1
BRDA:48,5,0,1
BRDA:48,5,1,1
BRDA:49,6,0,0
BRDA:49,6,1,1
BRDA:50,7,0,0
BRDA:50,7,1,1
BRF:16
BRH:9
end_of_record
TN:
SF:lib/__tests_fixtures__/simple-tag.js
FNF:0
FNH:0
DA:3,1
DA:10,1
LF:2
LH:2
BRF:0
BRH:0
end_of_record
