TN:
SF:lib/index.js
FN:5,babelPluginStyledComponentsReactNativeWeb
FN:15,(anonymous_1)
FN:18,(anonymous_2)
FN:38,(anonymous_3)
FN:41,(anonymous_4)
FN:48,(anonymous_5)
FN:59,(anonymous_6)
FN:68,(anonymous_7)
FNF:8
FNH:8
FNDA:1,babelPluginStyledComponentsReactNativeWeb
FNDA:4,(anonymous_1)
FNDA:4,(anonymous_2)
FNDA:3,(anonymous_3)
FNDA:4,(anonymous_4)
FNDA:3,(anonymous_5)
FNDA:3,(anonymous_6)
FNDA:3,(anonymous_7)
DA:5,1
DA:9,1
DA:11,1
DA:16,4
DA:19,4
DA:22,4
DA:24,3
DA:25,3
DA:34,3
DA:39,3
DA:41,3
DA:42,4
DA:45,4
DA:48,3
DA:49,3
DA:50,3
DA:51,0
DA:53,3
DA:54,3
DA:59,3
DA:60,3
DA:61,3
DA:62,3
DA:63,0
DA:65,3
DA:68,3
DA:69,3
DA:70,3
DA:79,3
DA:80,1
DA:81,1
DA:82,1
DA:83,1
DA:85,2
DA:90,2
DA:92,2
DA:93,2
LF:37
LH:35
BRDA:22,0,0,1
BRDA:22,0,1,3
BRDA:24,1,0,3
BRDA:24,1,1,0
BRDA:50,2,0,0
BRDA:50,2,1,3
BRDA:50,3,0,3
BRDA:50,3,1,3
BRDA:53,4,0,0
BRDA:53,4,1,3
BRDA:61,5,0,0
BRDA:61,5,1,3
BRDA:62,6,0,0
BRDA:62,6,1,3
BRDA:79,7,0,1
BRDA:79,7,1,2
BRDA:81,8,0,0
BRDA:81,8,1,1
BRDA:85,9,0,2
BRDA:85,9,1,0
BRDA:86,10,0,2
BRDA:86,10,1,2
BRDA:86,10,2,2
BRDA:92,11,0,0
BRDA:92,11,1,2
BRF:25
BRH:17
end_of_record
TN:
SF:lib/__tests_fixtures__/attrs.js
FNF:0
FNH:0
DA:3,1
DA:11,1
LF:2
LH:2
BRF:0
BRH:0
end_of_record
TN:
SF:lib/__tests_fixtures__/simple-tag.js
FNF:0
FNH:0
DA:3,1
DA:10,1
LF:2
LH:2
BRF:0
BRH:0
end_of_record
TN:
SF:lib/__tests_fixtures__/with-babel-plugin-styled-components.js
FNF:0
FNH:0
DA:3,1
DA:12,1
DA:19,1
LF:3
LH:3
BRF:0
BRH:0
end_of_record
TN:
SF:lib/__tests_fixtures__/withConfig.js
FNF:0
FNH:0
DA:3,1
DA:12,1
LF:2
LH:2
BRF:0
BRH:0
end_of_record
