TN:
SF:lib/index.js
FN:3,babelPluginStyledComponentsReactNativeWeb
FN:10,(anonymous_1)
FN:13,(anonymous_2)
FN:18,(anonymous_3)
FN:27,(anonymous_4)
FN:36,(anonymous_5)
FN:68,(anonymous_6)
FN:72,(anonymous_7)
FNF:8
FNH:8
FNDA:1,babelPluginStyledComponentsReactNativeWeb
FNDA:5,(anonymous_1)
FNDA:5,(anonymous_2)
FNDA:5,(anonymous_3)
FNDA:5,(anonymous_4)
FNDA:5,(anonymous_5)
FNDA:6,(anonymous_6)
FNDA:6,(anonymous_7)
DA:3,1
DA:7,1
DA:9,1
DA:11,5
DA:13,5
DA:14,5
DA:15,5
DA:18,5
DA:19,5
DA:20,5
DA:21,0
DA:23,5
DA:24,5
DA:27,5
DA:28,5
DA:29,5
DA:30,5
DA:31,0
DA:33,5
DA:36,5
DA:37,5
DA:38,5
DA:47,5
DA:48,3
DA:49,3
DA:50,3
DA:52,2
DA:57,2
DA:58,2
DA:59,2
DA:64,1
DA:69,6
DA:70,6
DA:73,6
DA:76,6
DA:78,5
DA:79,5
DA:88,5
LF:38
LH:36
BRDA:20,0,0,0
BRDA:20,0,1,5
BRDA:20,1,0,5
BRDA:20,1,1,5
BRDA:23,2,0,0
BRDA:23,2,1,5
BRDA:29,3,0,0
BRDA:29,3,1,5
BRDA:30,4,0,0
BRDA:30,4,1,5
BRDA:47,5,0,3
BRDA:47,5,1,2
BRDA:49,6,0,0
BRDA:49,6,1,3
BRDA:52,7,0,2
BRDA:52,7,1,0
BRDA:53,8,0,2
BRDA:53,8,1,2
BRDA:53,8,2,2
BRDA:58,9,0,0
BRDA:58,9,1,2
BRDA:76,10,0,1
BRDA:76,10,1,5
BRDA:78,11,0,5
BRDA:78,11,1,0
BRF:25
BRH:17
end_of_record
TN:
SF:lib/__tests_fixtures__/attrs.js
FNF:0
FNH:0
DA:3,1
DA:11,1
LF:2
LH:2
BRF:0
BRH:0
end_of_record
TN:
SF:lib/__tests_fixtures__/object.js
FNF:0
FNH:0
DA:3,1
DA:12,1
LF:2
LH:2
BRF:0
BRH:0
end_of_record
TN:
SF:lib/__tests_fixtures__/simple-tag.js
FNF:0
FNH:0
DA:3,1
DA:10,1
LF:2
LH:2
BRF:0
BRH:0
end_of_record
TN:
SF:lib/__tests_fixtures__/with-babel-plugin-styled-components.js
FNF:0
FNH:0
DA:3,1
DA:12,1
DA:19,1
LF:3
LH:3
BRF:0
BRH:0
end_of_record
TN:
SF:lib/__tests_fixtures__/with-react-refresh.js
FNF:0
FNH:0
DA:5,1
DA:7,1
DA:9,1
DA:20,1
LF:4
LH:4
BRF:0
BRH:0
end_of_record
TN:
SF:lib/__tests_fixtures__/withConfig.js
FNF:0
FNH:0
DA:3,1
DA:12,1
LF:2
LH:2
BRF:0
BRH:0
end_of_record
