TN:
SF:lib/index.js
FN:5,babelPluginStyledComponentsReactNativeWeb
FN:12,(anonymous_1)
FN:15,(anonymous_2)
FN:20,(anonymous_3)
FN:29,(anonymous_4)
FN:38,(anonymous_5)
FN:72,(anonymous_6)
FN:76,(anonymous_7)
FNF:8
FNH:8
FNDA:1,babelPluginStyledComponentsReactNativeWeb
FNDA:4,(anonymous_1)
FNDA:6,(anonymous_2)
FNDA:4,(anonymous_3)
FNDA:4,(anonymous_4)
FNDA:4,(anonymous_5)
FNDA:4,(anonymous_6)
FNDA:4,(anonymous_7)
DA:5,1
DA:9,1
DA:11,1
DA:13,4
DA:15,4
DA:16,6
DA:17,6
DA:20,4
DA:21,4
DA:22,4
DA:23,0
DA:25,4
DA:26,4
DA:29,4
DA:30,4
DA:31,4
DA:32,4
DA:33,0
DA:35,4
DA:38,4
DA:39,4
DA:40,4
DA:49,4
DA:50,2
DA:51,2
DA:52,2
DA:53,2
DA:55,2
DA:60,2
DA:62,2
DA:63,2
DA:68,1
DA:73,4
DA:74,4
DA:77,4
DA:80,4
DA:82,4
DA:83,4
DA:92,4
LF:39
LH:37
BRDA:22,0,0,0
BRDA:22,0,1,4
BRDA:22,1,0,4
BRDA:22,1,1,4
BRDA:25,2,0,0
BRDA:25,2,1,4
BRDA:31,3,0,0
BRDA:31,3,1,4
BRDA:32,4,0,0
BRDA:32,4,1,4
BRDA:49,5,0,2
BRDA:49,5,1,2
BRDA:51,6,0,0
BRDA:51,6,1,2
BRDA:55,7,0,2
BRDA:55,7,1,0
BRDA:56,8,0,2
BRDA:56,8,1,2
BRDA:56,8,2,2
BRDA:62,9,0,0
BRDA:62,9,1,2
BRDA:80,10,0,0
BRDA:80,10,1,4
BRDA:82,11,0,4
BRDA:82,11,1,0
BRF:25
BRH:16
end_of_record
TN:
SF:lib/__tests_fixtures__/attrs.js
FNF:0
FNH:0
DA:3,1
DA:11,1
LF:2
LH:2
BRF:0
BRH:0
end_of_record
TN:
SF:lib/__tests_fixtures__/simple-tag.js
FNF:0
FNH:0
DA:3,1
DA:10,1
LF:2
LH:2
BRF:0
BRH:0
end_of_record
TN:
SF:lib/__tests_fixtures__/with-babel-plugin-styled-components.js
FNF:0
FNH:0
DA:3,1
DA:12,1
DA:19,1
LF:3
LH:3
BRF:0
BRH:0
end_of_record
TN:
SF:lib/__tests_fixtures__/withConfig.js
FNF:0
FNH:0
DA:3,1
DA:12,1
LF:2
LH:2
BRF:0
BRH:0
end_of_record
